<?xml version="1.0" encoding="UTF-8"?>
<testsuite xmlns:xsi="http://www.w3.org/2001/XMLSchema-instance" xsi:noNamespaceSchemaLocation="https://maven.apache.org/surefire/maven-surefire-plugin/xsd/surefire-test-report-3.0.xsd" version="3.0" name="pizza.TestPizzaFactory" time="0.11" tests="22" errors="0" skipped="0" failures="0">
  <properties>
    <property name="java.specification.version" value="21"/>
    <property name="sun.jnu.encoding" value="UTF-8"/>
    <property name="java.class.path" value="/workspaces/CSE2102/Lab3/target/test-classes:/workspaces/CSE2102/Lab3/target/classes:/home/codespace/.m2/repository/junit/junit/4.13/junit-4.13.jar:/home/codespace/.m2/repository/org/hamcrest/hamcrest-core/1.3/hamcrest-core-1.3.jar:"/>
    <property name="java.vm.vendor" value="Microsoft"/>
    <property name="sun.arch.data.model" value="64"/>
    <property name="java.vendor.url" value="https://www.microsoft.com"/>
    <property name="os.name" value="Linux"/>
    <property name="java.vm.specification.version" value="21"/>
    <property name="sun.java.launcher" value="SUN_STANDARD"/>
    <property name="sun.boot.library.path" value="/usr/local/sdkman/candidates/java/21.0.4-ms/lib"/>
    <property name="sun.java.command" value="/workspaces/CSE2102/Lab3/target/surefire/surefirebooter-20241005131156474_3.jar /workspaces/CSE2102/Lab3/target/surefire 2024-10-05T13-11-56_359-jvmRun1 surefire-20241005131156474_1tmp surefire_0-20241005131156474_2tmp"/>
    <property name="jdk.debug" value="release"/>
    <property name="surefire.test.class.path" value="/workspaces/CSE2102/Lab3/target/test-classes:/workspaces/CSE2102/Lab3/target/classes:/home/codespace/.m2/repository/junit/junit/4.13/junit-4.13.jar:/home/codespace/.m2/repository/org/hamcrest/hamcrest-core/1.3/hamcrest-core-1.3.jar:"/>
    <property name="sun.cpu.endian" value="little"/>
    <property name="user.home" value="/home/codespace"/>
    <property name="user.language" value="en"/>
    <property name="java.specification.vendor" value="Oracle Corporation"/>
    <property name="java.version.date" value="2024-07-16"/>
    <property name="java.home" value="/usr/local/sdkman/candidates/java/21.0.4-ms"/>
    <property name="file.separator" value="/"/>
    <property name="basedir" value="/workspaces/CSE2102/Lab3"/>
    <property name="java.vm.compressedOopsMode" value="32-bit"/>
    <property name="line.separator" value="&#10;"/>
    <property name="java.specification.name" value="Java Platform API Specification"/>
    <property name="java.vm.specification.vendor" value="Oracle Corporation"/>
    <property name="surefire.real.class.path" value="/workspaces/CSE2102/Lab3/target/surefire/surefirebooter-20241005131156474_3.jar"/>
    <property name="sun.management.compiler" value="HotSpot 64-Bit Tiered Compilers"/>
    <property name="java.runtime.version" value="21.0.4+7-LTS"/>
    <property name="user.name" value="codespace"/>
    <property name="stdout.encoding" value="UTF-8"/>
    <property name="path.separator" value=":"/>
    <property name="os.version" value="6.5.0-1025-azure"/>
    <property name="java.runtime.name" value="OpenJDK Runtime Environment"/>
    <property name="file.encoding" value="UTF-8"/>
    <property name="java.vm.name" value="OpenJDK 64-Bit Server VM"/>
    <property name="java.vendor.version" value="Microsoft-9889606"/>
    <property name="localRepository" value="/home/codespace/.m2/repository"/>
    <property name="java.vendor.url.bug" value="https://github.com/microsoft/openjdk/issues"/>
    <property name="java.io.tmpdir" value="/tmp"/>
    <property name="java.version" value="21.0.4"/>
    <property name="user.dir" value="/workspaces/CSE2102/Lab3"/>
    <property name="os.arch" value="amd64"/>
    <property name="java.vm.specification.name" value="Java Virtual Machine Specification"/>
    <property name="native.encoding" value="UTF-8"/>
    <property name="java.library.path" value="/usr/java/packages/lib:/usr/lib64:/lib64:/lib:/usr/lib"/>
    <property name="java.vm.info" value="mixed mode, sharing"/>
    <property name="stderr.encoding" value="UTF-8"/>
    <property name="java.vendor" value="Microsoft"/>
    <property name="java.vm.version" value="21.0.4+7-LTS"/>
    <property name="sun.io.unicode.encoding" value="UnicodeLittle"/>
    <property name="java.class.version" value="65.0"/>
  </properties>
  <testcase name="PizzaFactoryCreatePepperoniTest" classname="pizza.TestPizzaFactory" time="0.006"/>
  <testcase name="PizzaFactoryCreateCheeseTest" classname="pizza.TestPizzaFactory" time="0.001"/>
  <testcase name="PizzaTestGFBox" classname="pizza.TestPizzaFactory" time="0.002"/>
  <testcase name="PizzaTestGFCut" classname="pizza.TestPizzaFactory" time="0.001"/>
  <testcase name="PizzaTestGreekBox" classname="pizza.TestPizzaFactory" time="0.001"/>
  <testcase name="PizzaTestGreekCut" classname="pizza.TestPizzaFactory" time="0.001"/>
  <testcase name="PizzaTestCheeseBake" classname="pizza.TestPizzaFactory" time="0.002"/>
  <testcase name="PizzaTestCheesePrepare" classname="pizza.TestPizzaFactory" time="0.001"/>
  <testcase name="PizzaTestCheeseBox" classname="pizza.TestPizzaFactory" time="0.001"/>
  <testcase name="PizzaTestCheeseCut" classname="pizza.TestPizzaFactory" time="0.0"/>
  <testcase name="PizzaFactoryCreateGreekTest" classname="pizza.TestPizzaFactory" time="0.001"/>
  <testcase name="PizzaTestPepperoniPrepare" classname="pizza.TestPizzaFactory" time="0.0"/>
  <testcase name="PizzaTest" classname="pizza.TestPizzaFactory" time="0.001"/>
  <testcase name="SysOutTest" classname="pizza.TestPizzaFactory" time="0.0"/>
  <testcase name="PizzaFactoryCreateGlutenFreeTest" classname="pizza.TestPizzaFactory" time="0.001"/>
  <testcase name="PizzaTestGFPrepare" classname="pizza.TestPizzaFactory" time="0.0"/>
  <testcase name="PizzaTestGreekBake" classname="pizza.TestPizzaFactory" time="0.001"/>
  <testcase name="PizzaTestGFBake" classname="pizza.TestPizzaFactory" time="0.0"/>
  <testcase name="PizzaTestGreekPrepare" classname="pizza.TestPizzaFactory" time="0.0"/>
  <testcase name="PizzaTestPepperoniBake" classname="pizza.TestPizzaFactory" time="0.0"/>
  <testcase name="PizzaTestPepperoniBox" classname="pizza.TestPizzaFactory" time="0.0"/>
  <testcase name="PizzaTestPepperoniCut" classname="pizza.TestPizzaFactory" time="0.0"/>
</testsuite>